<?xml version="1.0" encoding="UTF-8"?>
<coverage generated="1644543547120" clover="3.2.0">
  <project timestamp="1644543547120" name="All files">
    <metrics statements="44" coveredstatements="38" conditionals="10" coveredconditionals="4" methods="20" coveredmethods="19" elements="74" coveredelements="61" complexity="0" loc="44" ncloc="44" packages="5" files="6" classes="6"/>
    <package name="FoodMenu">
      <metrics statements="12" coveredstatements="8" conditionals="6" coveredconditionals="2" methods="3" coveredmethods="3"/>
      <file name="App.js" path="/Users/benfairchild/Challenges/FoodMenu/App.js">
        <metrics statements="12" coveredstatements="8" conditionals="6" coveredconditionals="2" methods="3" coveredmethods="3"/>
        <line num="9" count="6" type="stmt"/>
        <line num="10" count="6" type="stmt"/>
        <line num="17" count="6" type="stmt"/>
        <line num="18" count="2" type="cond" truecount="1" falsecount="1"/>
        <line num="19" count="2" type="stmt"/>
        <line num="21" count="0" type="stmt"/>
        <line num="24" count="4" type="stmt"/>
        <line num="25" count="4" type="cond" truecount="1" falsecount="1"/>
        <line num="26" count="4" type="stmt"/>
        <line num="31" count="0" type="cond" truecount="0" falsecount="2"/>
        <line num="32" count="0" type="stmt"/>
        <line num="38" count="0" type="stmt"/>
      </file>
    </package>
    <package name="FoodMenu.fixtures">
      <metrics statements="2" coveredstatements="1" conditionals="0" coveredconditionals="0" methods="0" coveredmethods="0"/>
      <file name="DessertsData.js" path="/Users/benfairchild/Challenges/FoodMenu/fixtures/DessertsData.js">
        <metrics statements="1" coveredstatements="0" conditionals="0" coveredconditionals="0" methods="0" coveredmethods="0"/>
        <line num="1" count="0" type="stmt"/>
      </file>
      <file name="PizzaData.js" path="/Users/benfairchild/Challenges/FoodMenu/fixtures/PizzaData.js">
        <metrics statements="1" coveredstatements="1" conditionals="0" coveredconditionals="0" methods="0" coveredmethods="0"/>
        <line num="2" count="2" type="stmt"/>
      </file>
    </package>
    <package name="FoodMenu.screens.AddItem">
      <metrics statements="12" coveredstatements="12" conditionals="0" coveredconditionals="0" methods="7" coveredmethods="7"/>
      <file name="AddItem.js" path="/Users/benfairchild/Challenges/FoodMenu/screens/AddItem/AddItem.js">
        <metrics statements="12" coveredstatements="12" conditionals="0" coveredconditionals="0" methods="7" coveredmethods="7"/>
        <line num="7" count="7" type="stmt"/>
        <line num="8" count="7" type="stmt"/>
        <line num="9" count="7" type="stmt"/>
        <line num="10" count="7" type="stmt"/>
        <line num="11" count="7" type="stmt"/>
        <line num="17" count="7" type="stmt"/>
        <line num="23" count="1" type="stmt"/>
        <line num="35" count="1" type="stmt"/>
        <line num="40" count="1" type="stmt"/>
        <line num="45" count="1" type="stmt"/>
        <line num="50" count="1" type="stmt"/>
        <line num="52" count="1" type="stmt"/>
      </file>
    </package>
    <package name="FoodMenu.screens.Menu">
      <metrics statements="16" coveredstatements="15" conditionals="4" coveredconditionals="2" methods="10" coveredmethods="9"/>
      <file name="Menu.js" path="/Users/benfairchild/Challenges/FoodMenu/screens/Menu/Menu.js">
        <metrics statements="16" coveredstatements="15" conditionals="4" coveredconditionals="2" methods="10" coveredmethods="9"/>
        <line num="10" count="8" type="stmt"/>
        <line num="11" count="8" type="stmt"/>
        <line num="19" count="2" type="stmt"/>
        <line num="25" count="2" type="stmt"/>
        <line num="26" count="2" type="cond" truecount="1" falsecount="1"/>
        <line num="27" count="2" type="stmt"/>
        <line num="30" count="8" type="stmt"/>
        <line num="32" count="8" type="stmt"/>
        <line num="33" count="2" type="stmt"/>
        <line num="38" count="8" type="stmt"/>
        <line num="40" count="8" type="stmt"/>
        <line num="41" count="1" type="stmt"/>
        <line num="59" count="3" type="stmt"/>
        <line num="85" count="36" type="cond" truecount="1" falsecount="1"/>
        <line num="86" count="36" type="stmt"/>
        <line num="88" count="0" type="stmt"/>
      </file>
    </package>
    <package name="FoodMenu.styles">
      <metrics statements="2" coveredstatements="2" conditionals="0" coveredconditionals="0" methods="0" coveredmethods="0"/>
      <file name="styles.js" path="/Users/benfairchild/Challenges/FoodMenu/styles/styles.js">
        <metrics statements="2" coveredstatements="2" conditionals="0" coveredconditionals="0" methods="0" coveredmethods="0"/>
        <line num="1" count="3" type="stmt"/>
        <line num="23" count="3" type="stmt"/>
      </file>
    </package>
  </project>
</coverage>
