{"/Users/benfairchild/Challenges/FoodMenu/App.js": {"path":"/Users/benfairchild/Challenges/FoodMenu/App.js","statementMap":{"0":{"start":{"line":9,"column":4},"end":{"line":9,"column":17}},"1":{"start":{"line":10,"column":4},"end":{"line":14,"column":5}},"2":{"start":{"line":16,"column":23},"end":{"line":21,"column":3}},"3":{"start":{"line":17,"column":4},"end":{"line":19,"column":5}},"4":{"start":{"line":18,"column":6},"end":{"line":18,"column":64}},"5":{"start":{"line":20,"column":4},"end":{"line":20,"column":33}},"6":{"start":{"line":23,"column":27},"end":{"line":23,"column":37}},"7":{"start":{"line":24,"column":4},"end":{"line":42,"column":5}},"8":{"start":{"line":25,"column":6},"end":{"line":29,"column":8}},"9":{"start":{"line":30,"column":11},"end":{"line":42,"column":5}},"10":{"start":{"line":31,"column":6},"end":{"line":35,"column":8}},"11":{"start":{"line":37,"column":6},"end":{"line":41,"column":8}}},"fnMap":{"0":{"name":"(anonymous_0)","decl":{"start":{"line":8,"column":2},"end":{"line":8,"column":3}},"loc":{"start":{"line":8,"column":21},"end":{"line":15,"column":3}},"line":8},"1":{"name":"(anonymous_1)","decl":{"start":{"line":16,"column":23},"end":{"line":16,"column":24}},"loc":{"start":{"line":16,"column":48},"end":{"line":21,"column":3}},"line":16},"2":{"name":"(anonymous_2)","decl":{"start":{"line":22,"column":2},"end":{"line":22,"column":3}},"loc":{"start":{"line":22,"column":11},"end":{"line":43,"column":3}},"line":22}},"branchMap":{"0":{"loc":{"start":{"line":17,"column":4},"end":{"line":19,"column":5}},"type":"if","locations":[{"start":{"line":17,"column":4},"end":{"line":19,"column":5}},{"start":{},"end":{}}],"line":17},"1":{"loc":{"start":{"line":24,"column":4},"end":{"line":42,"column":5}},"type":"if","locations":[{"start":{"line":24,"column":4},"end":{"line":42,"column":5}},{"start":{"line":30,"column":11},"end":{"line":42,"column":5}}],"line":24},"2":{"loc":{"start":{"line":30,"column":11},"end":{"line":42,"column":5}},"type":"if","locations":[{"start":{"line":30,"column":11},"end":{"line":42,"column":5}},{"start":{"line":36,"column":11},"end":{"line":42,"column":5}}],"line":30}},"s":{"0":6,"1":6,"2":6,"3":2,"4":2,"5":0,"6":4,"7":4,"8":4,"9":0,"10":0,"11":0},"f":{"0":6,"1":2,"2":4},"b":{"0":[2,0],"1":[4,0],"2":[0,0]},"_coverageSchema":"1a1c01bbd47fc00a2c39e90264f33305004495a9","hash":"cdf0e0f1c80adf2a335ba6543578309d08b01530"}
,"/Users/benfairchild/Challenges/FoodMenu/fixtures/DessertsData.js": {"path":"/Users/benfairchild/Challenges/FoodMenu/fixtures/DessertsData.js","statementMap":{"0":{"start":{"line":1,"column":24},"end":{"line":338,"column":1}}},"fnMap":{},"branchMap":{},"s":{"0":0},"f":{},"b":{}}
,"/Users/benfairchild/Challenges/FoodMenu/fixtures/PizzaData.js": {"path":"/Users/benfairchild/Challenges/FoodMenu/fixtures/PizzaData.js","statementMap":{"0":{"start":{"line":2,"column":22},"end":{"line":339,"column":1}}},"fnMap":{},"branchMap":{},"s":{"0":2},"f":{},"b":{},"_coverageSchema":"1a1c01bbd47fc00a2c39e90264f33305004495a9","hash":"70e7f8aa14a6211b635e3ae41dfbce784435893d"}
,"/Users/benfairchild/Challenges/FoodMenu/screens/AddItem/AddItem.js": {"path":"/Users/benfairchild/Challenges/FoodMenu/screens/AddItem/AddItem.js","statementMap":{"0":{"start":{"line":7,"column":26},"end":{"line":7,"column":38}},"1":{"start":{"line":8,"column":26},"end":{"line":8,"column":38}},"2":{"start":{"line":9,"column":40},"end":{"line":9,"column":52}},"3":{"start":{"line":10,"column":28},"end":{"line":10,"column":40}},"4":{"start":{"line":11,"column":18},"end":{"line":16,"column":3}},"5":{"start":{"line":17,"column":2},"end":{"line":55,"column":3}},"6":{"start":{"line":23,"column":90},"end":{"line":23,"column":125}},"7":{"start":{"line":35,"column":34},"end":{"line":35,"column":49}},"8":{"start":{"line":40,"column":34},"end":{"line":40,"column":48}},"9":{"start":{"line":45,"column":34},"end":{"line":45,"column":55}},"10":{"start":{"line":50,"column":34},"end":{"line":50,"column":49}},"11":{"start":{"line":52,"column":99},"end":{"line":52,"column":151}}},"fnMap":{"0":{"name":"AddItem","decl":{"start":{"line":6,"column":16},"end":{"line":6,"column":23}},"loc":{"start":{"line":6,"column":31},"end":{"line":56,"column":1}},"line":6},"1":{"name":"(anonymous_1)","decl":{"start":{"line":23,"column":84},"end":{"line":23,"column":85}},"loc":{"start":{"line":23,"column":90},"end":{"line":23,"column":125}},"line":23},"2":{"name":"(anonymous_2)","decl":{"start":{"line":35,"column":25},"end":{"line":35,"column":26}},"loc":{"start":{"line":35,"column":34},"end":{"line":35,"column":49}},"line":35},"3":{"name":"(anonymous_3)","decl":{"start":{"line":40,"column":25},"end":{"line":40,"column":26}},"loc":{"start":{"line":40,"column":34},"end":{"line":40,"column":48}},"line":40},"4":{"name":"(anonymous_4)","decl":{"start":{"line":45,"column":25},"end":{"line":45,"column":26}},"loc":{"start":{"line":45,"column":34},"end":{"line":45,"column":55}},"line":45},"5":{"name":"(anonymous_5)","decl":{"start":{"line":50,"column":25},"end":{"line":50,"column":26}},"loc":{"start":{"line":50,"column":34},"end":{"line":50,"column":49}},"line":50},"6":{"name":"(anonymous_6)","decl":{"start":{"line":52,"column":93},"end":{"line":52,"column":94}},"loc":{"start":{"line":52,"column":99},"end":{"line":52,"column":151}},"line":52}},"branchMap":{},"s":{"0":7,"1":7,"2":7,"3":7,"4":7,"5":7,"6":1,"7":1,"8":1,"9":1,"10":1,"11":1},"f":{"0":7,"1":1,"2":1,"3":1,"4":1,"5":1,"6":1},"b":{},"_coverageSchema":"1a1c01bbd47fc00a2c39e90264f33305004495a9","hash":"8d33b41cda1e973066dadd1b814468d1821f8960"}
,"/Users/benfairchild/Challenges/FoodMenu/screens/EditableCard/EditableCard.js": {"path":"/Users/benfairchild/Challenges/FoodMenu/screens/EditableCard/EditableCard.js","statementMap":{"0":{"start":{"line":8,"column":36},"end":{"line":8,"column":51}},"1":{"start":{"line":9,"column":2},"end":{"line":9,"column":37}},"2":{"start":{"line":13,"column":26},"end":{"line":13,"column":38}},"3":{"start":{"line":14,"column":26},"end":{"line":14,"column":38}},"4":{"start":{"line":15,"column":40},"end":{"line":15,"column":52}},"5":{"start":{"line":16,"column":28},"end":{"line":16,"column":40}},"6":{"start":{"line":17,"column":36},"end":{"line":17,"column":53}},"7":{"start":{"line":18,"column":18},"end":{"line":23,"column":3}},"8":{"start":{"line":24,"column":22},"end":{"line":29,"column":3}},"9":{"start":{"line":30,"column":2},"end":{"line":87,"column":3}},"10":{"start":{"line":31,"column":4},"end":{"line":63,"column":6}},"11":{"start":{"line":35,"column":74},"end":{"line":35,"column":150}},"12":{"start":{"line":35,"column":151},"end":{"line":35,"column":171}},"13":{"start":{"line":38,"column":70},"end":{"line":38,"column":95}},"14":{"start":{"line":38,"column":96},"end":{"line":38,"column":115}},"15":{"start":{"line":45,"column":34},"end":{"line":45,"column":48}},"16":{"start":{"line":51,"column":34},"end":{"line":51,"column":49}},"17":{"start":{"line":55,"column":34},"end":{"line":55,"column":55}},"18":{"start":{"line":59,"column":34},"end":{"line":59,"column":49}},"19":{"start":{"line":65,"column":4},"end":{"line":86,"column":6}},"20":{"start":{"line":69,"column":66},"end":{"line":69,"column":84}}},"fnMap":{"0":{"name":"useEditing","decl":{"start":{"line":7,"column":16},"end":{"line":7,"column":26}},"loc":{"start":{"line":7,"column":29},"end":{"line":10,"column":1}},"line":7},"1":{"name":"EditableCard","decl":{"start":{"line":12,"column":16},"end":{"line":12,"column":28}},"loc":{"start":{"line":12,"column":37},"end":{"line":88,"column":1}},"line":12},"2":{"name":"(anonymous_2)","decl":{"start":{"line":35,"column":66},"end":{"line":35,"column":67}},"loc":{"start":{"line":35,"column":72},"end":{"line":35,"column":173}},"line":35},"3":{"name":"(anonymous_3)","decl":{"start":{"line":38,"column":62},"end":{"line":38,"column":63}},"loc":{"start":{"line":38,"column":68},"end":{"line":38,"column":117}},"line":38},"4":{"name":"(anonymous_4)","decl":{"start":{"line":45,"column":25},"end":{"line":45,"column":26}},"loc":{"start":{"line":45,"column":34},"end":{"line":45,"column":48}},"line":45},"5":{"name":"(anonymous_5)","decl":{"start":{"line":51,"column":25},"end":{"line":51,"column":26}},"loc":{"start":{"line":51,"column":34},"end":{"line":51,"column":49}},"line":51},"6":{"name":"(anonymous_6)","decl":{"start":{"line":55,"column":25},"end":{"line":55,"column":26}},"loc":{"start":{"line":55,"column":34},"end":{"line":55,"column":55}},"line":55},"7":{"name":"(anonymous_7)","decl":{"start":{"line":59,"column":25},"end":{"line":59,"column":26}},"loc":{"start":{"line":59,"column":34},"end":{"line":59,"column":49}},"line":59},"8":{"name":"(anonymous_8)","decl":{"start":{"line":69,"column":60},"end":{"line":69,"column":61}},"loc":{"start":{"line":69,"column":66},"end":{"line":69,"column":84}},"line":69}},"branchMap":{"0":{"loc":{"start":{"line":30,"column":2},"end":{"line":87,"column":3}},"type":"if","locations":[{"start":{"line":30,"column":2},"end":{"line":87,"column":3}},{"start":{"line":64,"column":9},"end":{"line":87,"column":3}}],"line":30}},"s":{"0":9,"1":9,"2":7,"3":7,"4":7,"5":7,"6":7,"7":7,"8":7,"9":7,"10":1,"11":0,"12":0,"13":0,"14":0,"15":0,"16":0,"17":0,"18":0,"19":6,"20":1},"f":{"0":9,"1":7,"2":0,"3":0,"4":0,"5":0,"6":0,"7":0,"8":1},"b":{"0":[1,6]},"_coverageSchema":"1a1c01bbd47fc00a2c39e90264f33305004495a9","hash":"8257a816aee971cf83ac1f91bac931a6acd34ee8"}
,"/Users/benfairchild/Challenges/FoodMenu/screens/Menu/Menu.js": {"path":"/Users/benfairchild/Challenges/FoodMenu/screens/Menu/Menu.js","statementMap":{"0":{"start":{"line":10,"column":4},"end":{"line":10,"column":16}},"1":{"start":{"line":11,"column":4},"end":{"line":16,"column":6}},"2":{"start":{"line":20,"column":17},"end":{"line":25,"column":7}},"3":{"start":{"line":20,"column":51},"end":{"line":25,"column":5}},"4":{"start":{"line":26,"column":23},"end":{"line":26,"column":46}},"5":{"start":{"line":27,"column":4},"end":{"line":31,"column":5}},"6":{"start":{"line":28,"column":6},"end":{"line":30,"column":7}},"7":{"start":{"line":29,"column":8},"end":{"line":29,"column":62}},"8":{"start":{"line":34,"column":22},"end":{"line":34,"column":79}},"9":{"start":{"line":34,"column":28},"end":{"line":34,"column":79}},"10":{"start":{"line":36,"column":21},"end":{"line":59,"column":3}},"11":{"start":{"line":37,"column":4},"end":{"line":37,"column":29}},"12":{"start":{"line":38,"column":4},"end":{"line":58,"column":5}},"13":{"start":{"line":39,"column":28},"end":{"line":39,"column":38}},"14":{"start":{"line":40,"column":42},"end":{"line":40,"column":55}},"15":{"start":{"line":41,"column":28},"end":{"line":41,"column":30}},"16":{"start":{"line":42,"column":6},"end":{"line":54,"column":11}},"17":{"start":{"line":43,"column":8},"end":{"line":53,"column":11}},"18":{"start":{"line":44,"column":10},"end":{"line":52,"column":15}},"19":{"start":{"line":55,"column":27},"end":{"line":55,"column":115}},"20":{"start":{"line":55,"column":61},"end":{"line":55,"column":114}},"21":{"start":{"line":56,"column":28},"end":{"line":56,"column":65}},"22":{"start":{"line":57,"column":6},"end":{"line":57,"column":56}},"23":{"start":{"line":61,"column":18},"end":{"line":61,"column":97}},"24":{"start":{"line":61,"column":28},"end":{"line":61,"column":95}},"25":{"start":{"line":63,"column":21},"end":{"line":68,"column":3}},"26":{"start":{"line":63,"column":29},"end":{"line":67,"column":7}},"27":{"start":{"line":64,"column":62},"end":{"line":64,"column":112}},"28":{"start":{"line":70,"column":17},"end":{"line":70,"column":50}},"29":{"start":{"line":70,"column":34},"end":{"line":70,"column":50}},"30":{"start":{"line":72,"column":15},"end":{"line":79,"column":3}},"31":{"start":{"line":73,"column":4},"end":{"line":78,"column":6}},"32":{"start":{"line":77,"column":23},"end":{"line":77,"column":47}},"33":{"start":{"line":82,"column":4},"end":{"line":111,"column":6}}},"fnMap":{"0":{"name":"(anonymous_0)","decl":{"start":{"line":9,"column":2},"end":{"line":9,"column":3}},"loc":{"start":{"line":9,"column":21},"end":{"line":17,"column":3}},"line":9},"1":{"name":"(anonymous_1)","decl":{"start":{"line":19,"column":2},"end":{"line":19,"column":3}},"loc":{"start":{"line":19,"column":22},"end":{"line":32,"column":3}},"line":19},"2":{"name":"(anonymous_2)","decl":{"start":{"line":20,"column":38},"end":{"line":20,"column":39}},"loc":{"start":{"line":20,"column":51},"end":{"line":25,"column":5}},"line":20},"3":{"name":"(anonymous_3)","decl":{"start":{"line":34,"column":22},"end":{"line":34,"column":23}},"loc":{"start":{"line":34,"column":28},"end":{"line":34,"column":79}},"line":34},"4":{"name":"(anonymous_4)","decl":{"start":{"line":36,"column":21},"end":{"line":36,"column":22}},"loc":{"start":{"line":36,"column":38},"end":{"line":59,"column":3}},"line":36},"5":{"name":"(anonymous_5)","decl":{"start":{"line":42,"column":20},"end":{"line":42,"column":21}},"loc":{"start":{"line":42,"column":37},"end":{"line":54,"column":9}},"line":42},"6":{"name":"(anonymous_6)","decl":{"start":{"line":55,"column":44},"end":{"line":55,"column":45}},"loc":{"start":{"line":55,"column":61},"end":{"line":55,"column":114}},"line":55},"7":{"name":"(anonymous_7)","decl":{"start":{"line":61,"column":18},"end":{"line":61,"column":19}},"loc":{"start":{"line":61,"column":26},"end":{"line":61,"column":97}},"line":61},"8":{"name":"(anonymous_8)","decl":{"start":{"line":63,"column":21},"end":{"line":63,"column":22}},"loc":{"start":{"line":63,"column":27},"end":{"line":68,"column":3}},"line":63},"9":{"name":"(anonymous_9)","decl":{"start":{"line":64,"column":45},"end":{"line":64,"column":46}},"loc":{"start":{"line":64,"column":62},"end":{"line":64,"column":112}},"line":64},"10":{"name":"(anonymous_10)","decl":{"start":{"line":70,"column":17},"end":{"line":70,"column":18}},"loc":{"start":{"line":70,"column":34},"end":{"line":70,"column":50}},"line":70},"11":{"name":"(anonymous_11)","decl":{"start":{"line":72,"column":15},"end":{"line":72,"column":16}},"loc":{"start":{"line":73,"column":4},"end":{"line":78,"column":6}},"line":73},"12":{"name":"(anonymous_12)","decl":{"start":{"line":77,"column":17},"end":{"line":77,"column":18}},"loc":{"start":{"line":77,"column":23},"end":{"line":77,"column":47}},"line":77},"13":{"name":"(anonymous_13)","decl":{"start":{"line":81,"column":2},"end":{"line":81,"column":3}},"loc":{"start":{"line":81,"column":11},"end":{"line":112,"column":3}},"line":81}},"branchMap":{"0":{"loc":{"start":{"line":27,"column":4},"end":{"line":31,"column":5}},"type":"if","locations":[{"start":{"line":27,"column":4},"end":{"line":31,"column":5}},{"start":{},"end":{}}],"line":27},"1":{"loc":{"start":{"line":28,"column":6},"end":{"line":30,"column":7}},"type":"if","locations":[{"start":{"line":28,"column":6},"end":{"line":30,"column":7}},{"start":{},"end":{}}],"line":28},"2":{"loc":{"start":{"line":38,"column":4},"end":{"line":58,"column":5}},"type":"if","locations":[{"start":{"line":38,"column":4},"end":{"line":58,"column":5}},{"start":{},"end":{}}],"line":38},"3":{"loc":{"start":{"line":43,"column":8},"end":{"line":53,"column":11}},"type":"if","locations":[{"start":{"line":43,"column":8},"end":{"line":53,"column":11}},{"start":{},"end":{}}],"line":43},"4":{"loc":{"start":{"line":47,"column":21},"end":{"line":47,"column":74}},"type":"cond-expr","locations":[{"start":{"line":47,"column":40},"end":{"line":47,"column":54}},{"start":{"line":47,"column":57},"end":{"line":47,"column":74}}],"line":47},"5":{"loc":{"start":{"line":48,"column":22},"end":{"line":48,"column":78}},"type":"cond-expr","locations":[{"start":{"line":48,"column":42},"end":{"line":48,"column":57}},{"start":{"line":48,"column":60},"end":{"line":48,"column":78}}],"line":48},"6":{"loc":{"start":{"line":49,"column":29},"end":{"line":49,"column":106}},"type":"cond-expr","locations":[{"start":{"line":49,"column":56},"end":{"line":49,"column":78}},{"start":{"line":49,"column":81},"end":{"line":49,"column":106}}],"line":49},"7":{"loc":{"start":{"line":50,"column":23},"end":{"line":50,"column":82}},"type":"cond-expr","locations":[{"start":{"line":50,"column":44},"end":{"line":50,"column":60}},{"start":{"line":50,"column":63},"end":{"line":50,"column":82}}],"line":50}},"s":{"0":12,"1":12,"2":2,"3":2,"4":2,"5":2,"6":2,"7":2,"8":12,"9":1,"10":12,"11":3,"12":3,"13":2,"14":2,"15":2,"16":2,"17":4,"18":2,"19":2,"20":4,"21":2,"22":2,"23":12,"24":1,"25":12,"26":1,"27":2,"28":12,"29":0,"30":12,"31":0,"32":0,"33":3},"f":{"0":12,"1":2,"2":2,"3":1,"4":3,"5":4,"6":4,"7":1,"8":1,"9":2,"10":0,"11":0,"12":0,"13":3},"b":{"0":[2,0],"1":[2,0],"2":[2,1],"3":[2,2],"4":[2,0],"5":[2,0],"6":[2,0],"7":[2,0]},"_coverageSchema":"1a1c01bbd47fc00a2c39e90264f33305004495a9","hash":"3f2bd13ced79246d2eba2b35864a6199e9c7c441"}
,"/Users/benfairchild/Challenges/FoodMenu/styles/styles.js": {"path":"/Users/benfairchild/Challenges/FoodMenu/styles/styles.js","statementMap":{"0":{"start":{"line":1,"column":28},"end":{"line":21,"column":1}},"1":{"start":{"line":23,"column":26},"end":{"line":54,"column":1}}},"fnMap":{},"branchMap":{},"s":{"0":4,"1":4},"f":{},"b":{},"_coverageSchema":"1a1c01bbd47fc00a2c39e90264f33305004495a9","hash":"1cac0fd3436401ca1f9694418a3d561ce88af075"}
}
