{"/Users/benfairchild/Challenges/FoodMenu/App.js": {"path":"/Users/benfairchild/Challenges/FoodMenu/App.js","statementMap":{"0":{"start":{"line":9,"column":4},"end":{"line":9,"column":17}},"1":{"start":{"line":10,"column":4},"end":{"line":15,"column":5}},"2":{"start":{"line":17,"column":23},"end":{"line":22,"column":3}},"3":{"start":{"line":18,"column":4},"end":{"line":20,"column":5}},"4":{"start":{"line":19,"column":6},"end":{"line":19,"column":64}},"5":{"start":{"line":21,"column":4},"end":{"line":21,"column":33}},"6":{"start":{"line":24,"column":27},"end":{"line":24,"column":37}},"7":{"start":{"line":25,"column":4},"end":{"line":43,"column":5}},"8":{"start":{"line":26,"column":6},"end":{"line":30,"column":8}},"9":{"start":{"line":31,"column":11},"end":{"line":43,"column":5}},"10":{"start":{"line":32,"column":6},"end":{"line":36,"column":8}},"11":{"start":{"line":38,"column":6},"end":{"line":42,"column":8}}},"fnMap":{"0":{"name":"(anonymous_0)","decl":{"start":{"line":8,"column":2},"end":{"line":8,"column":3}},"loc":{"start":{"line":8,"column":21},"end":{"line":16,"column":3}},"line":8},"1":{"name":"(anonymous_1)","decl":{"start":{"line":17,"column":23},"end":{"line":17,"column":24}},"loc":{"start":{"line":17,"column":48},"end":{"line":22,"column":3}},"line":17},"2":{"name":"(anonymous_2)","decl":{"start":{"line":23,"column":2},"end":{"line":23,"column":3}},"loc":{"start":{"line":23,"column":11},"end":{"line":44,"column":3}},"line":23}},"branchMap":{"0":{"loc":{"start":{"line":18,"column":4},"end":{"line":20,"column":5}},"type":"if","locations":[{"start":{"line":18,"column":4},"end":{"line":20,"column":5}},{"start":{},"end":{}}],"line":18},"1":{"loc":{"start":{"line":25,"column":4},"end":{"line":43,"column":5}},"type":"if","locations":[{"start":{"line":25,"column":4},"end":{"line":43,"column":5}},{"start":{"line":31,"column":11},"end":{"line":43,"column":5}}],"line":25},"2":{"loc":{"start":{"line":31,"column":11},"end":{"line":43,"column":5}},"type":"if","locations":[{"start":{"line":31,"column":11},"end":{"line":43,"column":5}},{"start":{"line":37,"column":11},"end":{"line":43,"column":5}}],"line":31}},"s":{"0":6,"1":6,"2":6,"3":2,"4":2,"5":0,"6":4,"7":4,"8":4,"9":0,"10":0,"11":0},"f":{"0":6,"1":2,"2":4},"b":{"0":[2,0],"1":[4,0],"2":[0,0]},"_coverageSchema":"1a1c01bbd47fc00a2c39e90264f33305004495a9","hash":"58899ef70339dec200e973870f0eb694a55a61f1"}
,"/Users/benfairchild/Challenges/FoodMenu/fixtures/DessertsData.js": {"path":"/Users/benfairchild/Challenges/FoodMenu/fixtures/DessertsData.js","statementMap":{"0":{"start":{"line":1,"column":24},"end":{"line":338,"column":1}}},"fnMap":{},"branchMap":{},"s":{"0":0},"f":{},"b":{}}
,"/Users/benfairchild/Challenges/FoodMenu/fixtures/PizzaData.js": {"path":"/Users/benfairchild/Challenges/FoodMenu/fixtures/PizzaData.js","statementMap":{"0":{"start":{"line":2,"column":22},"end":{"line":339,"column":1}}},"fnMap":{},"branchMap":{},"s":{"0":2},"f":{},"b":{},"_coverageSchema":"1a1c01bbd47fc00a2c39e90264f33305004495a9","hash":"70e7f8aa14a6211b635e3ae41dfbce784435893d"}
,"/Users/benfairchild/Challenges/FoodMenu/screens/AddItem/AddItem.js": {"path":"/Users/benfairchild/Challenges/FoodMenu/screens/AddItem/AddItem.js","statementMap":{"0":{"start":{"line":7,"column":26},"end":{"line":7,"column":38}},"1":{"start":{"line":8,"column":26},"end":{"line":8,"column":38}},"2":{"start":{"line":9,"column":40},"end":{"line":9,"column":52}},"3":{"start":{"line":10,"column":28},"end":{"line":10,"column":40}},"4":{"start":{"line":11,"column":18},"end":{"line":16,"column":3}},"5":{"start":{"line":17,"column":2},"end":{"line":55,"column":3}},"6":{"start":{"line":23,"column":90},"end":{"line":23,"column":125}},"7":{"start":{"line":35,"column":34},"end":{"line":35,"column":49}},"8":{"start":{"line":40,"column":34},"end":{"line":40,"column":48}},"9":{"start":{"line":45,"column":34},"end":{"line":45,"column":55}},"10":{"start":{"line":50,"column":34},"end":{"line":50,"column":49}},"11":{"start":{"line":52,"column":99},"end":{"line":52,"column":151}}},"fnMap":{"0":{"name":"AddItem","decl":{"start":{"line":6,"column":16},"end":{"line":6,"column":23}},"loc":{"start":{"line":6,"column":31},"end":{"line":56,"column":1}},"line":6},"1":{"name":"(anonymous_1)","decl":{"start":{"line":23,"column":84},"end":{"line":23,"column":85}},"loc":{"start":{"line":23,"column":90},"end":{"line":23,"column":125}},"line":23},"2":{"name":"(anonymous_2)","decl":{"start":{"line":35,"column":25},"end":{"line":35,"column":26}},"loc":{"start":{"line":35,"column":34},"end":{"line":35,"column":49}},"line":35},"3":{"name":"(anonymous_3)","decl":{"start":{"line":40,"column":25},"end":{"line":40,"column":26}},"loc":{"start":{"line":40,"column":34},"end":{"line":40,"column":48}},"line":40},"4":{"name":"(anonymous_4)","decl":{"start":{"line":45,"column":25},"end":{"line":45,"column":26}},"loc":{"start":{"line":45,"column":34},"end":{"line":45,"column":55}},"line":45},"5":{"name":"(anonymous_5)","decl":{"start":{"line":50,"column":25},"end":{"line":50,"column":26}},"loc":{"start":{"line":50,"column":34},"end":{"line":50,"column":49}},"line":50},"6":{"name":"(anonymous_6)","decl":{"start":{"line":52,"column":93},"end":{"line":52,"column":94}},"loc":{"start":{"line":52,"column":99},"end":{"line":52,"column":151}},"line":52}},"branchMap":{},"s":{"0":7,"1":7,"2":7,"3":7,"4":7,"5":7,"6":1,"7":1,"8":1,"9":1,"10":1,"11":1},"f":{"0":7,"1":1,"2":1,"3":1,"4":1,"5":1,"6":1},"b":{},"_coverageSchema":"1a1c01bbd47fc00a2c39e90264f33305004495a9","hash":"8d33b41cda1e973066dadd1b814468d1821f8960"}
,"/Users/benfairchild/Challenges/FoodMenu/screens/Menu/Menu.js": {"path":"/Users/benfairchild/Challenges/FoodMenu/screens/Menu/Menu.js","statementMap":{"0":{"start":{"line":10,"column":4},"end":{"line":10,"column":16}},"1":{"start":{"line":11,"column":4},"end":{"line":15,"column":6}},"2":{"start":{"line":19,"column":17},"end":{"line":24,"column":7}},"3":{"start":{"line":19,"column":51},"end":{"line":24,"column":5}},"4":{"start":{"line":25,"column":23},"end":{"line":25,"column":46}},"5":{"start":{"line":26,"column":4},"end":{"line":28,"column":5}},"6":{"start":{"line":27,"column":6},"end":{"line":27,"column":60}},"7":{"start":{"line":30,"column":18},"end":{"line":30,"column":97}},"8":{"start":{"line":30,"column":28},"end":{"line":30,"column":95}},"9":{"start":{"line":32,"column":21},"end":{"line":36,"column":3}},"10":{"start":{"line":32,"column":29},"end":{"line":35,"column":7}},"11":{"start":{"line":33,"column":62},"end":{"line":33,"column":112}},"12":{"start":{"line":38,"column":17},"end":{"line":38,"column":50}},"13":{"start":{"line":38,"column":34},"end":{"line":38,"column":50}},"14":{"start":{"line":40,"column":15},"end":{"line":56,"column":3}},"15":{"start":{"line":41,"column":4},"end":{"line":55,"column":11}},"16":{"start":{"line":59,"column":4},"end":{"line":93,"column":6}},"17":{"start":{"line":85,"column":10},"end":{"line":87,"column":11}},"18":{"start":{"line":86,"column":12},"end":{"line":86,"column":24}},"19":{"start":{"line":88,"column":10},"end":{"line":88,"column":23}}},"fnMap":{"0":{"name":"(anonymous_0)","decl":{"start":{"line":9,"column":2},"end":{"line":9,"column":3}},"loc":{"start":{"line":9,"column":21},"end":{"line":16,"column":3}},"line":9},"1":{"name":"(anonymous_1)","decl":{"start":{"line":18,"column":2},"end":{"line":18,"column":3}},"loc":{"start":{"line":18,"column":22},"end":{"line":29,"column":3}},"line":18},"2":{"name":"(anonymous_2)","decl":{"start":{"line":19,"column":38},"end":{"line":19,"column":39}},"loc":{"start":{"line":19,"column":51},"end":{"line":24,"column":5}},"line":19},"3":{"name":"(anonymous_3)","decl":{"start":{"line":30,"column":18},"end":{"line":30,"column":19}},"loc":{"start":{"line":30,"column":26},"end":{"line":30,"column":97}},"line":30},"4":{"name":"(anonymous_4)","decl":{"start":{"line":32,"column":21},"end":{"line":32,"column":22}},"loc":{"start":{"line":32,"column":27},"end":{"line":36,"column":3}},"line":32},"5":{"name":"(anonymous_5)","decl":{"start":{"line":33,"column":45},"end":{"line":33,"column":46}},"loc":{"start":{"line":33,"column":62},"end":{"line":33,"column":112}},"line":33},"6":{"name":"(anonymous_6)","decl":{"start":{"line":38,"column":17},"end":{"line":38,"column":18}},"loc":{"start":{"line":38,"column":34},"end":{"line":38,"column":50}},"line":38},"7":{"name":"(anonymous_7)","decl":{"start":{"line":40,"column":15},"end":{"line":40,"column":16}},"loc":{"start":{"line":41,"column":4},"end":{"line":55,"column":11}},"line":41},"8":{"name":"(anonymous_8)","decl":{"start":{"line":58,"column":2},"end":{"line":58,"column":3}},"loc":{"start":{"line":58,"column":11},"end":{"line":94,"column":3}},"line":58},"9":{"name":"(anonymous_9)","decl":{"start":{"line":84,"column":42},"end":{"line":84,"column":43}},"loc":{"start":{"line":84,"column":53},"end":{"line":89,"column":9}},"line":84}},"branchMap":{"0":{"loc":{"start":{"line":26,"column":4},"end":{"line":28,"column":5}},"type":"if","locations":[{"start":{"line":26,"column":4},"end":{"line":28,"column":5}},{"start":{},"end":{}}],"line":26},"1":{"loc":{"start":{"line":85,"column":10},"end":{"line":87,"column":11}},"type":"if","locations":[{"start":{"line":85,"column":10},"end":{"line":87,"column":11}},{"start":{},"end":{}}],"line":85}},"s":{"0":8,"1":8,"2":2,"3":2,"4":2,"5":2,"6":2,"7":8,"8":1,"9":8,"10":1,"11":2,"12":8,"13":0,"14":8,"15":1,"16":3,"17":36,"18":36,"19":0},"f":{"0":8,"1":2,"2":2,"3":1,"4":1,"5":2,"6":0,"7":1,"8":3,"9":36},"b":{"0":[2,0],"1":[36,0]},"_coverageSchema":"1a1c01bbd47fc00a2c39e90264f33305004495a9","hash":"d86e2efe1a3b944b716420aeca330e96c4cad76b"}
,"/Users/benfairchild/Challenges/FoodMenu/styles/styles.js": {"path":"/Users/benfairchild/Challenges/FoodMenu/styles/styles.js","statementMap":{"0":{"start":{"line":1,"column":28},"end":{"line":21,"column":1}},"1":{"start":{"line":23,"column":26},"end":{"line":47,"column":1}}},"fnMap":{},"branchMap":{},"s":{"0":3,"1":3},"f":{},"b":{},"_coverageSchema":"1a1c01bbd47fc00a2c39e90264f33305004495a9","hash":"8d9cec9ed846c80c5df3454f808d8f34f3374d2e"}
}
