TN:
SF:App.js
FN:8,(anonymous_0)
FN:17,(anonymous_1)
FN:23,(anonymous_2)
FNF:3
FNH:3
FNDA:6,(anonymous_0)
FNDA:2,(anonymous_1)
FNDA:4,(anonymous_2)
DA:9,6
DA:10,6
DA:17,6
DA:18,2
DA:19,2
DA:21,0
DA:24,4
DA:25,4
DA:26,4
DA:31,0
DA:32,0
DA:38,0
LF:12
LH:8
BRDA:18,0,0,2
BRDA:18,0,1,0
BRDA:25,1,0,4
BRDA:25,1,1,0
BRDA:31,2,0,0
BRDA:31,2,1,0
BRF:6
BRH:2
end_of_record
TN:
SF:fixtures/DessertsData.js
FNF:0
FNH:0
DA:1,0
LF:1
LH:0
BRF:0
BRH:0
end_of_record
TN:
SF:fixtures/PizzaData.js
FNF:0
FNH:0
DA:2,2
LF:1
LH:1
BRF:0
BRH:0
end_of_record
TN:
SF:screens/AddItem/AddItem.js
FN:6,AddItem
FN:23,(anonymous_1)
FN:35,(anonymous_2)
FN:40,(anonymous_3)
FN:45,(anonymous_4)
FN:50,(anonymous_5)
FN:52,(anonymous_6)
FNF:7
FNH:7
FNDA:7,AddItem
FNDA:1,(anonymous_1)
FNDA:1,(anonymous_2)
FNDA:1,(anonymous_3)
FNDA:1,(anonymous_4)
FNDA:1,(anonymous_5)
FNDA:1,(anonymous_6)
DA:7,7
DA:8,7
DA:9,7
DA:10,7
DA:11,7
DA:17,7
DA:23,1
DA:35,1
DA:40,1
DA:45,1
DA:50,1
DA:52,1
LF:12
LH:12
BRF:0
BRH:0
end_of_record
TN:
SF:screens/Menu/Menu.js
FN:9,(anonymous_0)
FN:18,(anonymous_1)
FN:19,(anonymous_2)
FN:30,(anonymous_3)
FN:32,(anonymous_4)
FN:33,(anonymous_5)
FN:38,(anonymous_6)
FN:40,(anonymous_7)
FN:58,(anonymous_8)
FN:84,(anonymous_9)
FNF:10
FNH:9
FNDA:8,(anonymous_0)
FNDA:2,(anonymous_1)
FNDA:2,(anonymous_2)
FNDA:1,(anonymous_3)
FNDA:1,(anonymous_4)
FNDA:2,(anonymous_5)
FNDA:0,(anonymous_6)
FNDA:1,(anonymous_7)
FNDA:3,(anonymous_8)
FNDA:36,(anonymous_9)
DA:10,8
DA:11,8
DA:19,2
DA:25,2
DA:26,2
DA:27,2
DA:30,8
DA:32,8
DA:33,2
DA:38,8
DA:40,8
DA:41,1
DA:59,3
DA:85,36
DA:86,36
DA:88,0
LF:16
LH:15
BRDA:26,0,0,2
BRDA:26,0,1,0
BRDA:85,1,0,36
BRDA:85,1,1,0
BRF:4
BRH:2
end_of_record
TN:
SF:styles/styles.js
FNF:0
FNH:0
DA:1,3
DA:23,3
LF:2
LH:2
BRF:0
BRH:0
end_of_record
