TN:
SF:App.js
FN:8,(anonymous_0)
FN:16,(anonymous_1)
FN:22,(anonymous_2)
FNF:3
FNH:3
FNDA:6,(anonymous_0)
FNDA:2,(anonymous_1)
FNDA:4,(anonymous_2)
DA:9,6
DA:10,6
DA:16,6
DA:17,2
DA:18,2
DA:20,0
DA:23,4
DA:24,4
DA:25,4
DA:30,0
DA:31,0
DA:37,0
LF:12
LH:8
BRDA:17,0,0,2
BRDA:17,0,1,0
BRDA:24,1,0,4
BRDA:24,1,1,0
BRDA:30,2,0,0
BRDA:30,2,1,0
BRF:6
BRH:2
end_of_record
TN:
SF:fixtures/DessertsData.js
FNF:0
FNH:0
DA:1,0
LF:1
LH:0
BRF:0
BRH:0
end_of_record
TN:
SF:fixtures/PizzaData.js
FNF:0
FNH:0
DA:2,2
LF:1
LH:1
BRF:0
BRH:0
end_of_record
TN:
SF:screens/AddItem/AddItem.js
FN:6,AddItem
FN:23,(anonymous_1)
FN:35,(anonymous_2)
FN:40,(anonymous_3)
FN:45,(anonymous_4)
FN:50,(anonymous_5)
FN:52,(anonymous_6)
FNF:7
FNH:7
FNDA:7,AddItem
FNDA:1,(anonymous_1)
FNDA:1,(anonymous_2)
FNDA:1,(anonymous_3)
FNDA:1,(anonymous_4)
FNDA:1,(anonymous_5)
FNDA:1,(anonymous_6)
DA:7,7
DA:8,7
DA:9,7
DA:10,7
DA:11,7
DA:17,7
DA:23,1
DA:35,1
DA:40,1
DA:45,1
DA:50,1
DA:52,1
LF:12
LH:12
BRF:0
BRH:0
end_of_record
TN:
SF:screens/EditableCard/EditableCard.js
FN:7,useEditing
FN:12,EditableCard
FN:35,(anonymous_2)
FN:38,(anonymous_3)
FN:45,(anonymous_4)
FN:51,(anonymous_5)
FN:55,(anonymous_6)
FN:59,(anonymous_7)
FN:69,(anonymous_8)
FNF:9
FNH:3
FNDA:9,useEditing
FNDA:7,EditableCard
FNDA:0,(anonymous_2)
FNDA:0,(anonymous_3)
FNDA:0,(anonymous_4)
FNDA:0,(anonymous_5)
FNDA:0,(anonymous_6)
FNDA:0,(anonymous_7)
FNDA:1,(anonymous_8)
DA:8,9
DA:9,9
DA:13,7
DA:14,7
DA:15,7
DA:16,7
DA:17,7
DA:18,7
DA:24,7
DA:30,7
DA:31,1
DA:35,0
DA:38,0
DA:45,0
DA:51,0
DA:55,0
DA:59,0
DA:65,6
DA:69,1
LF:19
LH:13
BRDA:30,0,0,1
BRDA:30,0,1,6
BRF:2
BRH:2
end_of_record
TN:
SF:screens/Menu/Menu.js
FN:9,(anonymous_0)
FN:19,(anonymous_1)
FN:20,(anonymous_2)
FN:34,(anonymous_3)
FN:36,(anonymous_4)
FN:42,(anonymous_5)
FN:55,(anonymous_6)
FN:61,(anonymous_7)
FN:63,(anonymous_8)
FN:64,(anonymous_9)
FN:70,(anonymous_10)
FN:72,(anonymous_11)
FN:77,(anonymous_12)
FN:81,(anonymous_13)
FNF:14
FNH:11
FNDA:12,(anonymous_0)
FNDA:2,(anonymous_1)
FNDA:2,(anonymous_2)
FNDA:1,(anonymous_3)
FNDA:3,(anonymous_4)
FNDA:4,(anonymous_5)
FNDA:4,(anonymous_6)
FNDA:1,(anonymous_7)
FNDA:1,(anonymous_8)
FNDA:2,(anonymous_9)
FNDA:0,(anonymous_10)
FNDA:0,(anonymous_11)
FNDA:0,(anonymous_12)
FNDA:3,(anonymous_13)
DA:10,12
DA:11,12
DA:20,2
DA:26,2
DA:27,2
DA:28,2
DA:29,2
DA:34,12
DA:36,12
DA:37,3
DA:38,3
DA:39,2
DA:40,2
DA:41,2
DA:42,2
DA:43,4
DA:44,2
DA:55,4
DA:56,2
DA:57,2
DA:61,12
DA:63,12
DA:64,2
DA:70,12
DA:72,12
DA:73,0
DA:77,0
DA:82,3
LF:28
LH:26
BRDA:27,0,0,2
BRDA:27,0,1,0
BRDA:28,1,0,2
BRDA:28,1,1,0
BRDA:38,2,0,2
BRDA:38,2,1,1
BRDA:43,3,0,2
BRDA:43,3,1,2
BRDA:47,4,0,2
BRDA:47,4,1,0
BRDA:48,5,0,2
BRDA:48,5,1,0
BRDA:49,6,0,2
BRDA:49,6,1,0
BRDA:50,7,0,2
BRDA:50,7,1,0
BRF:16
BRH:10
end_of_record
TN:
SF:styles/styles.js
FNF:0
FNH:0
DA:1,4
DA:23,4
LF:2
LH:2
BRF:0
BRH:0
end_of_record
